{
  "RSpec": {
    "coverage": {
      "/home/oni/development/slixbits/hydra-core/Phase II/RailService/config/environment.rb": [
        null,
        1,
        null,
        null,
        1
      ],
      "/home/oni/development/slixbits/hydra-core/Phase II/RailService/config/application.rb": [
        1,
        null,
        1,
        null,
        null,
        null,
        1,
        null,
        1,
        null,
        1,
        null,
        null,
        null,
        null,
        1,
        1,
        null,
        1,
        1,
        1,
        null,
        null,
        null,
        1,
        null,
        null
      ],
      "/home/oni/development/slixbits/hydra-core/Phase II/RailService/config/boot.rb": [
        null,
        1,
        null,
        1
      ],
      "/home/oni/development/slixbits/hydra-core/Phase II/RailService/config/environments/test.rb": [
        1,
        null,
        null,
        null,
        null,
        null,
        null,
        1,
        null,
        null,
        null,
        null,
        1,
        null,
        null,
        1,
        1,
        null,
        null,
        1,
        1,
        null,
        null,
        1,
        null,
        null,
        1,
        null,
        null,
        null,
        null,
        1,
        null,
        null,
        1,
        null,
        null,
        null,
        null
      ],
      "/home/oni/development/slixbits/hydra-core/Phase II/RailService/config/initializers/assets.rb": [
        null,
        null,
        null,
        1,
        null,
        null,
        null,
        null
      ],
      "/home/oni/development/slixbits/hydra-core/Phase II/RailService/config/initializers/backtrace_silencers.rb": [
        null,
        null,
        null,
        null,
        null,
        null,
        null
      ],
      "/home/oni/development/slixbits/hydra-core/Phase II/RailService/config/initializers/cookies_serializer.rb": [
        null,
        null,
        1
      ],
      "/home/oni/development/slixbits/hydra-core/Phase II/RailService/config/initializers/filter_parameter_logging.rb": [
        null,
        null,
        null,
        1
      ],
      "/home/oni/development/slixbits/hydra-core/Phase II/RailService/config/initializers/inflections.rb": [
        null,
        null,
        null,
        null,
        null,
        null,
        null,
        null,
        null,
        null,
        null,
        null,
        null,
        null,
        null,
        null
      ],
      "/home/oni/development/slixbits/hydra-core/Phase II/RailService/config/initializers/mime_types.rb": [
        null,
        null,
        null,
        null
      ],
      "/home/oni/development/slixbits/hydra-core/Phase II/RailService/config/initializers/session_store.rb": [
        null,
        null,
        1
      ],
      "/home/oni/development/slixbits/hydra-core/Phase II/RailService/config/initializers/wrap_parameters.rb": [
        null,
        null,
        null,
        null,
        null,
        null,
        1,
        1,
        null,
        null,
        null,
        null,
        null,
        null
      ],
      "/home/oni/development/slixbits/hydra-core/Phase II/RailService/config/routes.rb": [
        1,
        1,
        null,
        1,
        null,
        null,
        null,
        null,
        null,
        null,
        null,
        null,
        null,
        null,
        null,
        null,
        null,
        null,
        null,
        null,
        null,
        null,
        null,
        null,
        null,
        null,
        null,
        null,
        null,
        null,
        null,
        null,
        null,
        null,
        null,
        null,
        null,
        null,
        null,
        null,
        null,
        null,
        null,
        null,
        null,
        null,
        null,
        null,
        null,
        null,
        null,
        null,
        null,
        null,
        null,
        null,
        null,
        null,
        null,
        null
      ],
      "/home/oni/development/slixbits/hydra-core/Phase II/RailService/app/helpers/application_helper.rb": [
        1,
        null
      ],
      "/home/oni/development/slixbits/hydra-core/Phase II/RailService/app/helpers/authenticate_helper.rb": [
        1,
        null
      ],
      "/home/oni/development/slixbits/hydra-core/Phase II/RailService/app/helpers/client_locations_helper.rb": [
        1,
        null
      ],
      "/home/oni/development/slixbits/hydra-core/Phase II/RailService/app/helpers/clients_helper.rb": [
        1,
        null
      ],
      "/home/oni/development/slixbits/hydra-core/Phase II/RailService/spec/omniauth/strategies/ldap_spec.rb": [
        1,
        1,
        null,
        null,
        null,
        null,
        null,
        null,
        null,
        null,
        null,
        1,
        null,
        1,
        null,
        0,
        0,
        0,
        0,
        null,
        null,
        1,
        0,
        null,
        null,
        1,
        0,
        null,
        null,
        1,
        1,
        null,
        1,
        0,
        0,
        null,
        null,
        1,
        0,
        null,
        null,
        1,
        0,
        null,
        1,
        0,
        null,
        null,
        null,
        1,
        1,
        0,
        0,
        0,
        null,
        null,
        1,
        1,
        0,
        null,
        null,
        1,
        1,
        0,
        null,
        0,
        0,
        null,
        null,
        null,
        1,
        1,
        0,
        null,
        0,
        0,
        null,
        null,
        null,
        1,
        1,
        1,
        0,
        null,
        0,
        0,
        null,
        null,
        null,
        1,
        1,
        0,
        null,
        0,
        0,
        null,
        null,
        null,
        null,
        1,
        1,
        1,
        0,
        null,
        0,
        0,
        null,
        1,
        1,
        0,
        0,
        0,
        null,
        0,
        0,
        null,
        null,
        null,
        null,
        null,
        1,
        1,
        0,
        null,
        null,
        1,
        0,
        null,
        0,
        0,
        null,
        null,
        null,
        null,
        null,
        1,
        1,
        null,
        1,
        0,
        0,
        null,
        null,
        null,
        null,
        null,
        null,
        null,
        null,
        null,
        null,
        null,
        null,
        null,
        null,
        null,
        null,
        null,
        null,
        null,
        null,
        1,
        0,
        0,
        null,
        null,
        1,
        1,
        0,
        0,
        0,
        null,
        0,
        null,
        null,
        null,
        1,
        0,
        0,
        0,
        0,
        0,
        0,
        0,
        0,
        0,
        0,
        0,
        0,
        0,
        null,
        null,
        null,
        null
      ]
    },
    "timestamp": 1409677780
  }
}
